<?xml version="1.0" encoding="UTF-8"?>
<!-- Generated by org.testng.reporters.JUnitXMLReporter -->
<testsuite hostname="DIN17000315" name="Test" tests="1" failures="1" timestamp="19 May 2020 12:40:50 GMT" time="6.591" errors="0">
  <testcase name="@AfterClass tearDown" time="0.0" classname="mainScripts.MainScript_mylearning">
    <failure type="java.lang.NullPointerException">
      <![CDATA[java.lang.NullPointerException
	at mainScripts.MainScript_mylearning.tearDown(MainScript_mylearning.java:91)
... Removed 24 stack frames]]>
    </failure>
  </testcase> <!-- @AfterClass tearDown -->
  <testcase name="mylearning" time="0.012" classname="mainScripts.MainScript_mylearning">
    <failure type="java.lang.NullPointerException">
      <![CDATA[java.lang.NullPointerException
	at commonMethods.GenericMethod.logfail(GenericMethod.java:127)
	at mainScripts.MainScript_mylearning.mylearning(MainScript_mylearning.java:77)
... Removed 24 stack frames]]>
    </failure>
  </testcase> <!-- mylearning -->
</testsuite> <!-- Test -->
